Arguments: 
  /usr/local/bin/node /usr/local/Cellar/yarn/1.5.1_1/libexec/bin/yarn.js add --dev @types/@octokit/rest

PATH: 
  /Library/Java/JavaVirtualMachines/jdk1.8.0_161.jdk/Contents/Home/bin:~/android-sdk/platform-tools:/Users/soroushchehresa/.bin:/usr/local/bin:/usr/bin:/bin:/usr/sbin:/sbin:/Applications/VMware Fusion.app/Contents/Public:/usr/local/go/bin:/Library/Apple/usr/bin:/Library/Frameworks/Mono.framework/Versions/Current/Commands:/Applications/Wireshark.app/Contents/MacOS:/Library/Java/JavaVirtualMachines/jdk1.8.0_161.jdk/Contents/Home/bin:~/android-sdk/platform-tools:/Users/soroushchehresa/.bin:/Users/soroushchehresa/android-sdk/platform-tools:/Users/soroushchehresa/android-sdk/platform-tools

Yarn version: 
  1.5.1

Node version: 
  14.17.6

Platform: 
  darwin x64

npm manifest: 
  {
    "name": "awesome-coronavirus",
    "version": "1.0.0",
    "description": "Useful projects and resources for COVID-19 (2019 novel Coronavirus)",
    "main": "src/index.ts",
    "scripts": {
      "build": "ts-node -T src/index.ts"
    },
    "keywords": [
      "awesome-coronavirus",
      "awesome",
      "coronavirus",
      "corona"
    ],
    "author": "Soroush Chehresa",
    "license": "MIT",
    "dependencies": {
      "dotenv": "^8.2.0",
      "ejs": "^2.4.2",
      "github": "^2.1.0"
    },
    "devDependencies": {
      "@types/dotenv": "^8.2.0",
      "@types/ejs": "^3.0.7",
      "@types/github": "^7.1.0",
      "@types/node": "^16.4.11",
      "@types/node-fetch": "^2.5.12",
      "ts-node": "^10.1.0",
      "typescript": "^4.3.5"
    }
  }

yarn manifest: 
  No manifest

Lockfile: 
  # THIS IS AN AUTOGENERATED FILE. DO NOT EDIT THIS FILE DIRECTLY.
  # yarn lockfile v1
  
  
  "@tsconfig/node10@^1.0.7":
    version "1.0.8"
    resolved "https://registry.yarnpkg.com/@tsconfig/node10/-/node10-1.0.8.tgz#c1e4e80d6f964fbecb3359c43bd48b40f7cadad9"
  
  "@tsconfig/node12@^1.0.7":
    version "1.0.9"
    resolved "https://registry.yarnpkg.com/@tsconfig/node12/-/node12-1.0.9.tgz#62c1f6dee2ebd9aead80dc3afa56810e58e1a04c"
  
  "@tsconfig/node14@^1.0.0":
    version "1.0.1"
    resolved "https://registry.yarnpkg.com/@tsconfig/node14/-/node14-1.0.1.tgz#95f2d167ffb9b8d2068b0b235302fafd4df711f2"
  
  "@tsconfig/node16@^1.0.1":
    version "1.0.2"
    resolved "https://registry.yarnpkg.com/@tsconfig/node16/-/node16-1.0.2.tgz#423c77877d0569db20e1fc80885ac4118314010e"
  
  "@types/dotenv@^8.2.0":
    version "8.2.0"
    resolved "https://registry.yarnpkg.com/@types/dotenv/-/dotenv-8.2.0.tgz#5cd64710c3c98e82d9d15844375a33bf1b45d053"
    dependencies:
      dotenv "*"
  
  "@types/ejs@^3.0.7":
    version "3.0.7"
    resolved "https://registry.yarnpkg.com/@types/ejs/-/ejs-3.0.7.tgz#4f2af032f65c54e2bc0b32abce0125af7923b143"
  
  "@types/github@^7.1.0":
    version "7.1.0"
    resolved "https://registry.yarnpkg.com/@types/github/-/github-7.1.0.tgz#f2f330173e622e0503c282369683511c41b5ec8d"
    dependencies:
      github "*"
  
  "@types/node-fetch@^2.5.12":
    version "2.5.12"
    resolved "https://registry.yarnpkg.com/@types/node-fetch/-/node-fetch-2.5.12.tgz#8a6f779b1d4e60b7a57fb6fd48d84fb545b9cc66"
    dependencies:
      "@types/node" "*"
      form-data "^3.0.0"
  
  "@types/node@*", "@types/node@^16.4.11":
    version "16.4.11"
    resolved "https://registry.yarnpkg.com/@types/node/-/node-16.4.11.tgz#245030af802c776c31f00eb0cdde40ee615db462"
  
  agent-base@2:
    version "2.1.1"
    resolved "https://registry.yarnpkg.com/agent-base/-/agent-base-2.1.1.tgz#d6de10d5af6132d5bd692427d46fc538539094c7"
    dependencies:
      extend "~3.0.0"
      semver "~5.0.1"
  
  arg@^4.1.0:
    version "4.1.3"
    resolved "https://registry.yarnpkg.com/arg/-/arg-4.1.3.tgz#269fc7ad5b8e42cb63c896d5666017261c144089"
  
  asynckit@^0.4.0:
    version "0.4.0"
    resolved "https://registry.yarnpkg.com/asynckit/-/asynckit-0.4.0.tgz#c79ed97f7f34cb8f2ba1bc9790bcc366474b4b79"
  
  buffer-from@^1.0.0:
    version "1.1.2"
    resolved "https://registry.yarnpkg.com/buffer-from/-/buffer-from-1.1.2.tgz#2b146a6fd72e80b4f55d255f35ed59a3a9a41bd5"
  
  combined-stream@^1.0.8:
    version "1.0.8"
    resolved "https://registry.yarnpkg.com/combined-stream/-/combined-stream-1.0.8.tgz#c3d45a8b34fd730631a110a8a2520682b31d5a7f"
    dependencies:
      delayed-stream "~1.0.0"
  
  create-require@^1.1.0:
    version "1.1.1"
    resolved "https://registry.yarnpkg.com/create-require/-/create-require-1.1.1.tgz#c1d7e8f1e5f6cfc9ff65f9cd352d37348756c333"
  
  debug@2, debug@^2.2.0:
    version "2.6.9"
    resolved "https://registry.yarnpkg.com/debug/-/debug-2.6.9.tgz#5d128515df134ff327e90a4c93f4e077a536341f"
    dependencies:
      ms "2.0.0"
  
  delayed-stream@~1.0.0:
    version "1.0.0"
    resolved "https://registry.yarnpkg.com/delayed-stream/-/delayed-stream-1.0.0.tgz#df3ae199acadfb7d440aaae0b29e2272b24ec619"
  
  diff@^4.0.1:
    version "4.0.2"
    resolved "https://registry.yarnpkg.com/diff/-/diff-4.0.2.tgz#60f3aecb89d5fae520c11aa19efc2bb982aade7d"
  
  dotenv@*:
    version "10.0.0"
    resolved "https://registry.yarnpkg.com/dotenv/-/dotenv-10.0.0.tgz#3d4227b8fb95f81096cdd2b66653fb2c7085ba81"
  
  dotenv@^8.2.0:
    version "8.2.0"
    resolved "https://registry.yarnpkg.com/dotenv/-/dotenv-8.2.0.tgz#97e619259ada750eea3e4ea3e26bceea5424b16a"
  
  ejs@^2.4.2:
    version "2.7.4"
    resolved "https://registry.yarnpkg.com/ejs/-/ejs-2.7.4.tgz#48661287573dcc53e366c7a1ae52c3a120eec9ba"
  
  extend@3, extend@~3.0.0:
    version "3.0.2"
    resolved "https://registry.yarnpkg.com/extend/-/extend-3.0.2.tgz#f8b1136b4071fbd8eb140aff858b1019ec2915fa"
  
  follow-redirects@0.0.7:
    version "0.0.7"
    resolved "https://registry.yarnpkg.com/follow-redirects/-/follow-redirects-0.0.7.tgz#34b90bab2a911aa347571da90f22bd36ecd8a919"
    dependencies:
      debug "^2.2.0"
      stream-consume "^0.1.0"
  
  form-data@^3.0.0:
    version "3.0.1"
    resolved "https://registry.yarnpkg.com/form-data/-/form-data-3.0.1.tgz#ebd53791b78356a99af9a300d4282c4d5eb9755f"
    dependencies:
      asynckit "^0.4.0"
      combined-stream "^1.0.8"
      mime-types "^2.1.12"
  
  github@*:
    version "14.0.0"
    resolved "https://registry.yarnpkg.com/github/-/github-14.0.0.tgz#b707ed88c33cd05e155c785d289aa6229c59a850"
  
  github@^2.1.0:
    version "2.6.0"
    resolved "https://registry.yarnpkg.com/github/-/github-2.6.0.tgz#40cd3414a599f3a63e9d10a246ba858d15b38fcc"
    dependencies:
      follow-redirects "0.0.7"
      https-proxy-agent "^1.0.0"
      mime "^1.2.11"
  
  https-proxy-agent@^1.0.0:
    version "1.0.0"
    resolved "https://registry.yarnpkg.com/https-proxy-agent/-/https-proxy-agent-1.0.0.tgz#35f7da6c48ce4ddbfa264891ac593ee5ff8671e6"
    dependencies:
      agent-base "2"
      debug "2"
      extend "3"
  
  make-error@^1.1.1:
    version "1.3.6"
    resolved "https://registry.yarnpkg.com/make-error/-/make-error-1.3.6.tgz#2eb2e37ea9b67c4891f684a1394799af484cf7a2"
  
  mime-db@1.49.0:
    version "1.49.0"
    resolved "https://registry.yarnpkg.com/mime-db/-/mime-db-1.49.0.tgz#f3dfde60c99e9cf3bc9701d687778f537001cbed"
  
  mime-types@^2.1.12:
    version "2.1.32"
    resolved "https://registry.yarnpkg.com/mime-types/-/mime-types-2.1.32.tgz#1d00e89e7de7fe02008db61001d9e02852670fd5"
    dependencies:
      mime-db "1.49.0"
  
  mime@^1.2.11:
    version "1.6.0"
    resolved "https://registry.yarnpkg.com/mime/-/mime-1.6.0.tgz#32cd9e5c64553bd58d19a568af452acff04981b1"
  
  ms@2.0.0:
    version "2.0.0"
    resolved "https://registry.yarnpkg.com/ms/-/ms-2.0.0.tgz#5608aeadfc00be6c2901df5f9861788de0d597c8"
  
  semver@~5.0.1:
    version "5.0.3"
    resolved "https://registry.yarnpkg.com/semver/-/semver-5.0.3.tgz#77466de589cd5d3c95f138aa78bc569a3cb5d27a"
  
  source-map-support@^0.5.17:
    version "0.5.19"
    resolved "https://registry.yarnpkg.com/source-map-support/-/source-map-support-0.5.19.tgz#a98b62f86dcaf4f67399648c085291ab9e8fed61"
    dependencies:
      buffer-from "^1.0.0"
      source-map "^0.6.0"
  
  source-map@^0.6.0:
    version "0.6.1"
    resolved "https://registry.yarnpkg.com/source-map/-/source-map-0.6.1.tgz#74722af32e9614e9c287a8d0bbde48b5e2f1a263"
  
  stream-consume@^0.1.0:
    version "0.1.1"
    resolved "https://registry.yarnpkg.com/stream-consume/-/stream-consume-0.1.1.tgz#d3bdb598c2bd0ae82b8cac7ac50b1107a7996c48"
  
  ts-node@^10.1.0:
    version "10.1.0"
    resolved "https://registry.yarnpkg.com/ts-node/-/ts-node-10.1.0.tgz#e656d8ad3b61106938a867f69c39a8ba6efc966e"
    dependencies:
      "@tsconfig/node10" "^1.0.7"
      "@tsconfig/node12" "^1.0.7"
      "@tsconfig/node14" "^1.0.0"
      "@tsconfig/node16" "^1.0.1"
      arg "^4.1.0"
      create-require "^1.1.0"
      diff "^4.0.1"
      make-error "^1.1.1"
      source-map-support "^0.5.17"
      yn "3.1.1"
  
  typescript@^4.3.5:
    version "4.3.5"
    resolved "https://registry.yarnpkg.com/typescript/-/typescript-4.3.5.tgz#4d1c37cc16e893973c45a06886b7113234f119f4"
  
  yn@3.1.1:
    version "3.1.1"
    resolved "https://registry.yarnpkg.com/yn/-/yn-3.1.1.tgz#1e87401a09d767c1d5eab26a6e4c185182d2eb50"

Trace: 
  Error: Command failed.
  Exit code: 128
  Command: git
  Arguments: ls-remote --tags --heads ssh://git@github.com/octokit/rest.git
  Directory: /Users/soroushchehresa/Desktop/awesome-coronavirus/src
  Output:
  Warning: Permanently added the RSA host key for IP address '140.82.121.3' to the list of known hosts.
  ERROR: Repository not found.
  fatal: Could not read from remote repository.
  
  Please make sure you have the correct access rights
  and the repository exists.
      at ProcessTermError.MessageError (/usr/local/Cellar/yarn/1.5.1_1/libexec/lib/cli.js:186:110)
      at new ProcessTermError (/usr/local/Cellar/yarn/1.5.1_1/libexec/lib/cli.js:226:113)
      at ChildProcess.<anonymous> (/usr/local/Cellar/yarn/1.5.1_1/libexec/lib/cli.js:30281:17)
      at ChildProcess.emit (events.js:400:28)
      at maybeClose (internal/child_process.js:1055:16)
      at Socket.<anonymous> (internal/child_process.js:441:11)
      at Socket.emit (events.js:400:28)
      at Pipe.<anonymous> (net.js:675:12)
